Started by user [8mha:AAAAlh+LCAAAAAAAAP9b85aBtbiIQTGjNKU4P08vOT+vOD8nVc83PyU1x6OyILUoJzMv2y+/JJUBAhiZGBgqihhk0NSjKDWzXb3RdlLBUSYGJk8GtpzUvPSSDB8G5tKinBIGIZ+sxLJE/ZzEvHT94JKizLx0a6BxUmjGOUNodHsLgAzOEgYu/dLi1CL9vNKcHACFIKlWvwAAAA==[0manonymous
Building in workspace /Users/kthieler/IdeaProjects/vmware-vrealize-codestream-plugin/work/jobs/test/workspace
Starting CodeStream pipeline execution of pipeline : CommerceApp
ERROR: Publisher com.vmware.vcac.code.stream.jenkins.plugin.CodeStreamPostBuild aborted due to exception
[8mha:AAAAWB+LCAAAAAAAAP9b85aBtbiIQSmjNKU4P08vOT+vOD8nVc8DzHWtSE4tKMnMz/PLL0ldFVf2c+b/lb5MDAwVRQxSaBqcITRIIQMEMIIUFgAAckCEiWAAAAA=[0mjava.io.IOException: CommerceApp task failed with message :[{"messageType":"ERROR","message":"The following component requests failed:\nWEB. [Error code: 44010 ] - [Error Msg: Error executing vRealize Orchestrator workflow [InternalError: java.net.NoRouteToHostException: No route to host (Workflow:Import a certificate from URL with certificate alias / Validate (item1)#5)]]\n"}]
	at com.vmware.vcac.code.stream.jenkins.plugin.CodeStreamPipelineCallable.call(CodeStreamPipelineCallable.java:92)
	at com.vmware.vcac.code.stream.jenkins.plugin.CodeStreamPipelineCallable.call(CodeStreamPipelineCallable.java:30)
	at hudson.remoting.LocalChannel.call(LocalChannel.java:45)
	at com.vmware.vcac.code.stream.jenkins.plugin.CodeStreamPostBuild.perform(CodeStreamPostBuild.java:102)
	at hudson.tasks.BuildStepMonitor$3.perform(BuildStepMonitor.java:45)
	at hudson.model.AbstractBuild$AbstractBuildExecution.perform(AbstractBuild.java:770)
	at hudson.model.AbstractBuild$AbstractBuildExecution.performAllBuildSteps(AbstractBuild.java:734)
	at hudson.model.Build$BuildExecution.post2(Build.java:183)
	at hudson.model.AbstractBuild$AbstractBuildExecution.post(AbstractBuild.java:683)
	at hudson.model.Run.execute(Run.java:1770)
	at hudson.model.FreeStyleBuild.run(FreeStyleBuild.java:43)
	at hudson.model.ResourceController.execute(ResourceController.java:89)
	at hudson.model.Executor.run(Executor.java:240)
Finished: FAILURE
